[2026-03-02T10:13:18.470+0000] {processor.py:161} INFO - Started process (PID=180) to work on /opt/airflow/dags/weather_dag.py
[2026-03-02T10:13:18.471+0000] {processor.py:830} INFO - Processing file /opt/airflow/dags/weather_dag.py for tasks to queue
[2026-03-02T10:13:18.473+0000] {logging_mixin.py:188} INFO - [2026-03-02T10:13:18.472+0000] {dagbag.py:540} INFO - Filling up the DagBag from /opt/airflow/dags/weather_dag.py
[2026-03-02T10:13:18.476+0000] {logging_mixin.py:188} INFO - [2026-03-02T10:13:18.475+0000] {dagbag.py:350} ERROR - Failed to import: /opt/airflow/dags/weather_dag.py
Traceback (most recent call last):
  File "/home/airflow/.local/lib/python3.12/site-packages/airflow/models/dagbag.py", line 346, in parse
    loader.exec_module(new_module)
  File "<frozen importlib._bootstrap_external>", line 991, in exec_module
  File "<frozen importlib._bootstrap_external>", line 1129, in get_code
  File "<frozen importlib._bootstrap_external>", line 1059, in source_to_code
  File "<frozen importlib._bootstrap>", line 488, in _call_with_frames_removed
  File "/opt/airflow/dags/weather_dag.py", line 73
    print(f"Loaded {len(hourly['time'])} rows
          ^
SyntaxError: unterminated f-string literal (detected at line 73)
[2026-03-02T10:13:18.476+0000] {processor.py:842} WARNING - No viable dags retrieved from /opt/airflow/dags/weather_dag.py
[2026-03-02T10:13:18.488+0000] {processor.py:183} INFO - Processing /opt/airflow/dags/weather_dag.py took 0.022 seconds
[2026-03-02T10:13:45.776+0000] {processor.py:161} INFO - Started process (PID=185) to work on /opt/airflow/dags/weather_dag.py
[2026-03-02T10:13:45.777+0000] {processor.py:830} INFO - Processing file /opt/airflow/dags/weather_dag.py for tasks to queue
[2026-03-02T10:13:45.778+0000] {logging_mixin.py:188} INFO - [2026-03-02T10:13:45.778+0000] {dagbag.py:540} INFO - Filling up the DagBag from /opt/airflow/dags/weather_dag.py
[2026-03-02T10:13:45.784+0000] {processor.py:842} WARNING - No viable dags retrieved from /opt/airflow/dags/weather_dag.py
[2026-03-02T10:13:45.795+0000] {processor.py:183} INFO - Processing /opt/airflow/dags/weather_dag.py took 0.025 seconds
[2026-03-02T10:14:16.075+0000] {processor.py:161} INFO - Started process (PID=196) to work on /opt/airflow/dags/weather_dag.py
[2026-03-02T10:14:16.075+0000] {processor.py:830} INFO - Processing file /opt/airflow/dags/weather_dag.py for tasks to queue
[2026-03-02T10:14:16.076+0000] {logging_mixin.py:188} INFO - [2026-03-02T10:14:16.076+0000] {dagbag.py:540} INFO - Filling up the DagBag from /opt/airflow/dags/weather_dag.py
[2026-03-02T10:14:16.080+0000] {processor.py:842} WARNING - No viable dags retrieved from /opt/airflow/dags/weather_dag.py
[2026-03-02T10:14:16.089+0000] {processor.py:183} INFO - Processing /opt/airflow/dags/weather_dag.py took 0.017 seconds
[2026-03-02T10:14:46.386+0000] {processor.py:161} INFO - Started process (PID=201) to work on /opt/airflow/dags/weather_dag.py
[2026-03-02T10:14:46.387+0000] {processor.py:830} INFO - Processing file /opt/airflow/dags/weather_dag.py for tasks to queue
[2026-03-02T10:14:46.389+0000] {logging_mixin.py:188} INFO - [2026-03-02T10:14:46.388+0000] {dagbag.py:540} INFO - Filling up the DagBag from /opt/airflow/dags/weather_dag.py
[2026-03-02T10:14:46.391+0000] {processor.py:842} WARNING - No viable dags retrieved from /opt/airflow/dags/weather_dag.py
[2026-03-02T10:14:46.404+0000] {processor.py:183} INFO - Processing /opt/airflow/dags/weather_dag.py took 0.024 seconds
[2026-03-02T10:15:16.678+0000] {processor.py:161} INFO - Started process (PID=206) to work on /opt/airflow/dags/weather_dag.py
[2026-03-02T10:15:16.679+0000] {processor.py:830} INFO - Processing file /opt/airflow/dags/weather_dag.py for tasks to queue
[2026-03-02T10:15:16.681+0000] {logging_mixin.py:188} INFO - [2026-03-02T10:15:16.680+0000] {dagbag.py:540} INFO - Filling up the DagBag from /opt/airflow/dags/weather_dag.py
[2026-03-02T10:15:16.683+0000] {processor.py:842} WARNING - No viable dags retrieved from /opt/airflow/dags/weather_dag.py
[2026-03-02T10:15:16.705+0000] {processor.py:183} INFO - Processing /opt/airflow/dags/weather_dag.py took 0.032 seconds
[2026-03-02T10:15:46.966+0000] {processor.py:161} INFO - Started process (PID=211) to work on /opt/airflow/dags/weather_dag.py
[2026-03-02T10:15:46.967+0000] {processor.py:830} INFO - Processing file /opt/airflow/dags/weather_dag.py for tasks to queue
[2026-03-02T10:15:46.969+0000] {logging_mixin.py:188} INFO - [2026-03-02T10:15:46.969+0000] {dagbag.py:540} INFO - Filling up the DagBag from /opt/airflow/dags/weather_dag.py
[2026-03-02T10:15:46.972+0000] {processor.py:842} WARNING - No viable dags retrieved from /opt/airflow/dags/weather_dag.py
[2026-03-02T10:15:46.980+0000] {processor.py:183} INFO - Processing /opt/airflow/dags/weather_dag.py took 0.020 seconds
[2026-03-02T10:16:17.265+0000] {processor.py:161} INFO - Started process (PID=216) to work on /opt/airflow/dags/weather_dag.py
[2026-03-02T10:16:17.266+0000] {processor.py:830} INFO - Processing file /opt/airflow/dags/weather_dag.py for tasks to queue
[2026-03-02T10:16:17.267+0000] {logging_mixin.py:188} INFO - [2026-03-02T10:16:17.267+0000] {dagbag.py:540} INFO - Filling up the DagBag from /opt/airflow/dags/weather_dag.py
[2026-03-02T10:16:17.270+0000] {processor.py:842} WARNING - No viable dags retrieved from /opt/airflow/dags/weather_dag.py
[2026-03-02T10:16:17.280+0000] {processor.py:183} INFO - Processing /opt/airflow/dags/weather_dag.py took 0.019 seconds
[2026-03-02T10:16:47.550+0000] {processor.py:161} INFO - Started process (PID=227) to work on /opt/airflow/dags/weather_dag.py
[2026-03-02T10:16:47.552+0000] {processor.py:830} INFO - Processing file /opt/airflow/dags/weather_dag.py for tasks to queue
[2026-03-02T10:16:47.553+0000] {logging_mixin.py:188} INFO - [2026-03-02T10:16:47.553+0000] {dagbag.py:540} INFO - Filling up the DagBag from /opt/airflow/dags/weather_dag.py
[2026-03-02T10:16:47.557+0000] {processor.py:842} WARNING - No viable dags retrieved from /opt/airflow/dags/weather_dag.py
[2026-03-02T10:16:47.571+0000] {processor.py:183} INFO - Processing /opt/airflow/dags/weather_dag.py took 0.027 seconds
[2026-03-02T10:17:17.862+0000] {processor.py:161} INFO - Started process (PID=238) to work on /opt/airflow/dags/weather_dag.py
[2026-03-02T10:17:17.863+0000] {processor.py:830} INFO - Processing file /opt/airflow/dags/weather_dag.py for tasks to queue
[2026-03-02T10:17:17.865+0000] {logging_mixin.py:188} INFO - [2026-03-02T10:17:17.864+0000] {dagbag.py:540} INFO - Filling up the DagBag from /opt/airflow/dags/weather_dag.py
[2026-03-02T10:17:17.868+0000] {processor.py:842} WARNING - No viable dags retrieved from /opt/airflow/dags/weather_dag.py
[2026-03-02T10:17:17.878+0000] {processor.py:183} INFO - Processing /opt/airflow/dags/weather_dag.py took 0.022 seconds
[2026-03-02T10:17:48.196+0000] {processor.py:161} INFO - Started process (PID=249) to work on /opt/airflow/dags/weather_dag.py
[2026-03-02T10:17:48.197+0000] {processor.py:830} INFO - Processing file /opt/airflow/dags/weather_dag.py for tasks to queue
[2026-03-02T10:17:48.200+0000] {logging_mixin.py:188} INFO - [2026-03-02T10:17:48.199+0000] {dagbag.py:540} INFO - Filling up the DagBag from /opt/airflow/dags/weather_dag.py
[2026-03-02T10:17:48.204+0000] {processor.py:842} WARNING - No viable dags retrieved from /opt/airflow/dags/weather_dag.py
[2026-03-02T10:17:48.217+0000] {processor.py:183} INFO - Processing /opt/airflow/dags/weather_dag.py took 0.030 seconds
[2026-03-02T10:18:18.444+0000] {processor.py:161} INFO - Started process (PID=260) to work on /opt/airflow/dags/weather_dag.py
[2026-03-02T10:18:18.444+0000] {processor.py:830} INFO - Processing file /opt/airflow/dags/weather_dag.py for tasks to queue
[2026-03-02T10:18:18.446+0000] {logging_mixin.py:188} INFO - [2026-03-02T10:18:18.446+0000] {dagbag.py:540} INFO - Filling up the DagBag from /opt/airflow/dags/weather_dag.py
[2026-03-02T10:18:18.449+0000] {processor.py:842} WARNING - No viable dags retrieved from /opt/airflow/dags/weather_dag.py
[2026-03-02T10:18:18.459+0000] {processor.py:183} INFO - Processing /opt/airflow/dags/weather_dag.py took 0.021 seconds
[2026-03-02T10:18:48.721+0000] {processor.py:161} INFO - Started process (PID=271) to work on /opt/airflow/dags/weather_dag.py
[2026-03-02T10:18:48.722+0000] {processor.py:830} INFO - Processing file /opt/airflow/dags/weather_dag.py for tasks to queue
[2026-03-02T10:18:48.723+0000] {logging_mixin.py:188} INFO - [2026-03-02T10:18:48.723+0000] {dagbag.py:540} INFO - Filling up the DagBag from /opt/airflow/dags/weather_dag.py
[2026-03-02T10:18:48.726+0000] {processor.py:842} WARNING - No viable dags retrieved from /opt/airflow/dags/weather_dag.py
[2026-03-02T10:18:48.733+0000] {processor.py:183} INFO - Processing /opt/airflow/dags/weather_dag.py took 0.019 seconds
[2026-03-02T10:19:19.023+0000] {processor.py:161} INFO - Started process (PID=276) to work on /opt/airflow/dags/weather_dag.py
[2026-03-02T10:19:19.024+0000] {processor.py:830} INFO - Processing file /opt/airflow/dags/weather_dag.py for tasks to queue
[2026-03-02T10:19:19.026+0000] {logging_mixin.py:188} INFO - [2026-03-02T10:19:19.026+0000] {dagbag.py:540} INFO - Filling up the DagBag from /opt/airflow/dags/weather_dag.py
[2026-03-02T10:19:19.030+0000] {processor.py:842} WARNING - No viable dags retrieved from /opt/airflow/dags/weather_dag.py
[2026-03-02T10:19:19.044+0000] {processor.py:183} INFO - Processing /opt/airflow/dags/weather_dag.py took 0.028 seconds
[2026-03-02T10:19:49.301+0000] {processor.py:161} INFO - Started process (PID=287) to work on /opt/airflow/dags/weather_dag.py
[2026-03-02T10:19:49.302+0000] {processor.py:830} INFO - Processing file /opt/airflow/dags/weather_dag.py for tasks to queue
[2026-03-02T10:19:49.303+0000] {logging_mixin.py:188} INFO - [2026-03-02T10:19:49.303+0000] {dagbag.py:540} INFO - Filling up the DagBag from /opt/airflow/dags/weather_dag.py
[2026-03-02T10:19:49.307+0000] {processor.py:842} WARNING - No viable dags retrieved from /opt/airflow/dags/weather_dag.py
[2026-03-02T10:19:49.320+0000] {processor.py:183} INFO - Processing /opt/airflow/dags/weather_dag.py took 0.025 seconds
[2026-03-02T10:20:19.615+0000] {processor.py:161} INFO - Started process (PID=292) to work on /opt/airflow/dags/weather_dag.py
[2026-03-02T10:20:19.616+0000] {processor.py:830} INFO - Processing file /opt/airflow/dags/weather_dag.py for tasks to queue
[2026-03-02T10:20:19.617+0000] {logging_mixin.py:188} INFO - [2026-03-02T10:20:19.617+0000] {dagbag.py:540} INFO - Filling up the DagBag from /opt/airflow/dags/weather_dag.py
[2026-03-02T10:20:19.619+0000] {processor.py:842} WARNING - No viable dags retrieved from /opt/airflow/dags/weather_dag.py
[2026-03-02T10:20:19.630+0000] {processor.py:183} INFO - Processing /opt/airflow/dags/weather_dag.py took 0.023 seconds
[2026-03-02T10:20:49.901+0000] {processor.py:161} INFO - Started process (PID=297) to work on /opt/airflow/dags/weather_dag.py
[2026-03-02T10:20:49.902+0000] {processor.py:830} INFO - Processing file /opt/airflow/dags/weather_dag.py for tasks to queue
[2026-03-02T10:20:49.904+0000] {logging_mixin.py:188} INFO - [2026-03-02T10:20:49.903+0000] {dagbag.py:540} INFO - Filling up the DagBag from /opt/airflow/dags/weather_dag.py
[2026-03-02T10:20:49.907+0000] {processor.py:842} WARNING - No viable dags retrieved from /opt/airflow/dags/weather_dag.py
[2026-03-02T10:20:49.921+0000] {processor.py:183} INFO - Processing /opt/airflow/dags/weather_dag.py took 0.027 seconds
[2026-03-02T10:21:20.179+0000] {processor.py:161} INFO - Started process (PID=302) to work on /opt/airflow/dags/weather_dag.py
[2026-03-02T10:21:20.180+0000] {processor.py:830} INFO - Processing file /opt/airflow/dags/weather_dag.py for tasks to queue
[2026-03-02T10:21:20.182+0000] {logging_mixin.py:188} INFO - [2026-03-02T10:21:20.182+0000] {dagbag.py:540} INFO - Filling up the DagBag from /opt/airflow/dags/weather_dag.py
[2026-03-02T10:21:20.184+0000] {processor.py:842} WARNING - No viable dags retrieved from /opt/airflow/dags/weather_dag.py
[2026-03-02T10:21:20.194+0000] {processor.py:183} INFO - Processing /opt/airflow/dags/weather_dag.py took 0.021 seconds
[2026-03-02T10:21:43.413+0000] {processor.py:161} INFO - Started process (PID=307) to work on /opt/airflow/dags/weather_dag.py
[2026-03-02T10:21:43.415+0000] {processor.py:830} INFO - Processing file /opt/airflow/dags/weather_dag.py for tasks to queue
[2026-03-02T10:21:43.416+0000] {logging_mixin.py:188} INFO - [2026-03-02T10:21:43.416+0000] {dagbag.py:540} INFO - Filling up the DagBag from /opt/airflow/dags/weather_dag.py
[2026-03-02T10:21:43.436+0000] {processor.py:840} INFO - DAG(s) 'weather_copenhagen' retrieved from /opt/airflow/dags/weather_dag.py
[2026-03-02T10:21:43.565+0000] {logging_mixin.py:188} INFO - [2026-03-02T10:21:43.565+0000] {override.py:1829} INFO - Created Permission View: can read on DAG:weather_copenhagen
[2026-03-02T10:21:43.569+0000] {logging_mixin.py:188} INFO - [2026-03-02T10:21:43.569+0000] {override.py:1829} INFO - Created Permission View: can delete on DAG:weather_copenhagen
[2026-03-02T10:21:43.571+0000] {logging_mixin.py:188} INFO - [2026-03-02T10:21:43.571+0000] {override.py:1829} INFO - Created Permission View: can edit on DAG:weather_copenhagen
[2026-03-02T10:21:43.571+0000] {logging_mixin.py:188} INFO - [2026-03-02T10:21:43.571+0000] {dag.py:3096} INFO - Sync 1 DAGs
[2026-03-02T10:21:43.575+0000] {logging_mixin.py:188} INFO - [2026-03-02T10:21:43.575+0000] {dag.py:3118} INFO - Creating ORM DAG for weather_copenhagen
[2026-03-02T10:21:43.579+0000] {logging_mixin.py:188} INFO - [2026-03-02T10:21:43.579+0000] {dag.py:3954} INFO - Setting next_dagrun for weather_copenhagen to 2026-03-01 06:00:00+00:00, run_after=2026-03-02 06:00:00+00:00
[2026-03-02T10:21:43.587+0000] {processor.py:183} INFO - Processing /opt/airflow/dags/weather_dag.py took 0.180 seconds
[2026-03-02T10:22:13.710+0000] {processor.py:161} INFO - Started process (PID=324) to work on /opt/airflow/dags/weather_dag.py
[2026-03-02T10:22:13.711+0000] {processor.py:830} INFO - Processing file /opt/airflow/dags/weather_dag.py for tasks to queue
[2026-03-02T10:22:13.713+0000] {logging_mixin.py:188} INFO - [2026-03-02T10:22:13.713+0000] {dagbag.py:540} INFO - Filling up the DagBag from /opt/airflow/dags/weather_dag.py
[2026-03-02T10:22:13.722+0000] {processor.py:840} INFO - DAG(s) 'weather_copenhagen' retrieved from /opt/airflow/dags/weather_dag.py
[2026-03-02T10:22:13.740+0000] {logging_mixin.py:188} INFO - [2026-03-02T10:22:13.740+0000] {dag.py:3096} INFO - Sync 1 DAGs
[2026-03-02T10:22:13.753+0000] {logging_mixin.py:188} INFO - [2026-03-02T10:22:13.753+0000] {dag.py:3954} INFO - Setting next_dagrun for weather_copenhagen to 2026-03-02 06:00:00+00:00, run_after=2026-03-03 06:00:00+00:00
[2026-03-02T10:22:13.763+0000] {processor.py:183} INFO - Processing /opt/airflow/dags/weather_dag.py took 0.060 seconds
[2026-03-02T10:22:43.990+0000] {processor.py:161} INFO - Started process (PID=329) to work on /opt/airflow/dags/weather_dag.py
[2026-03-02T10:22:43.991+0000] {processor.py:830} INFO - Processing file /opt/airflow/dags/weather_dag.py for tasks to queue
[2026-03-02T10:22:43.993+0000] {logging_mixin.py:188} INFO - [2026-03-02T10:22:43.993+0000] {dagbag.py:540} INFO - Filling up the DagBag from /opt/airflow/dags/weather_dag.py
[2026-03-02T10:22:44.005+0000] {processor.py:840} INFO - DAG(s) 'weather_copenhagen' retrieved from /opt/airflow/dags/weather_dag.py
[2026-03-02T10:22:44.024+0000] {logging_mixin.py:188} INFO - [2026-03-02T10:22:44.024+0000] {dag.py:3096} INFO - Sync 1 DAGs
[2026-03-02T10:22:44.034+0000] {logging_mixin.py:188} INFO - [2026-03-02T10:22:44.034+0000] {dag.py:3954} INFO - Setting next_dagrun for weather_copenhagen to 2026-03-02 06:00:00+00:00, run_after=2026-03-03 06:00:00+00:00
[2026-03-02T10:22:44.042+0000] {processor.py:183} INFO - Processing /opt/airflow/dags/weather_dag.py took 0.060 seconds
[2026-03-02T10:23:14.256+0000] {processor.py:161} INFO - Started process (PID=340) to work on /opt/airflow/dags/weather_dag.py
[2026-03-02T10:23:14.259+0000] {processor.py:830} INFO - Processing file /opt/airflow/dags/weather_dag.py for tasks to queue
[2026-03-02T10:23:14.262+0000] {logging_mixin.py:188} INFO - [2026-03-02T10:23:14.262+0000] {dagbag.py:540} INFO - Filling up the DagBag from /opt/airflow/dags/weather_dag.py
[2026-03-02T10:23:14.275+0000] {processor.py:840} INFO - DAG(s) 'weather_copenhagen' retrieved from /opt/airflow/dags/weather_dag.py
[2026-03-02T10:23:14.300+0000] {logging_mixin.py:188} INFO - [2026-03-02T10:23:14.300+0000] {dag.py:3096} INFO - Sync 1 DAGs
[2026-03-02T10:23:14.324+0000] {logging_mixin.py:188} INFO - [2026-03-02T10:23:14.323+0000] {dag.py:3954} INFO - Setting next_dagrun for weather_copenhagen to 2026-03-02 06:00:00+00:00, run_after=2026-03-03 06:00:00+00:00
[2026-03-02T10:23:14.339+0000] {processor.py:183} INFO - Processing /opt/airflow/dags/weather_dag.py took 0.095 seconds
[2026-03-02T10:23:44.618+0000] {processor.py:161} INFO - Started process (PID=350) to work on /opt/airflow/dags/weather_dag.py
[2026-03-02T10:23:44.620+0000] {processor.py:830} INFO - Processing file /opt/airflow/dags/weather_dag.py for tasks to queue
[2026-03-02T10:23:44.622+0000] {logging_mixin.py:188} INFO - [2026-03-02T10:23:44.622+0000] {dagbag.py:540} INFO - Filling up the DagBag from /opt/airflow/dags/weather_dag.py
[2026-03-02T10:23:44.634+0000] {processor.py:840} INFO - DAG(s) 'weather_copenhagen' retrieved from /opt/airflow/dags/weather_dag.py
[2026-03-02T10:23:44.656+0000] {logging_mixin.py:188} INFO - [2026-03-02T10:23:44.656+0000] {dag.py:3096} INFO - Sync 1 DAGs
[2026-03-02T10:23:44.669+0000] {logging_mixin.py:188} INFO - [2026-03-02T10:23:44.669+0000] {dag.py:3954} INFO - Setting next_dagrun for weather_copenhagen to 2026-03-02 06:00:00+00:00, run_after=2026-03-03 06:00:00+00:00
[2026-03-02T10:23:44.676+0000] {processor.py:183} INFO - Processing /opt/airflow/dags/weather_dag.py took 0.064 seconds
[2026-03-02T10:24:14.973+0000] {processor.py:161} INFO - Started process (PID=360) to work on /opt/airflow/dags/weather_dag.py
[2026-03-02T10:24:14.974+0000] {processor.py:830} INFO - Processing file /opt/airflow/dags/weather_dag.py for tasks to queue
[2026-03-02T10:24:14.977+0000] {logging_mixin.py:188} INFO - [2026-03-02T10:24:14.977+0000] {dagbag.py:540} INFO - Filling up the DagBag from /opt/airflow/dags/weather_dag.py
[2026-03-02T10:24:14.987+0000] {processor.py:840} INFO - DAG(s) 'weather_copenhagen' retrieved from /opt/airflow/dags/weather_dag.py
[2026-03-02T10:24:15.007+0000] {logging_mixin.py:188} INFO - [2026-03-02T10:24:15.007+0000] {dag.py:3096} INFO - Sync 1 DAGs
[2026-03-02T10:24:15.021+0000] {logging_mixin.py:188} INFO - [2026-03-02T10:24:15.021+0000] {dag.py:3954} INFO - Setting next_dagrun for weather_copenhagen to 2026-03-02 06:00:00+00:00, run_after=2026-03-03 06:00:00+00:00
[2026-03-02T10:24:15.033+0000] {processor.py:183} INFO - Processing /opt/airflow/dags/weather_dag.py took 0.067 seconds
[2026-03-02T10:24:45.345+0000] {processor.py:161} INFO - Started process (PID=370) to work on /opt/airflow/dags/weather_dag.py
[2026-03-02T10:24:45.346+0000] {processor.py:830} INFO - Processing file /opt/airflow/dags/weather_dag.py for tasks to queue
[2026-03-02T10:24:45.348+0000] {logging_mixin.py:188} INFO - [2026-03-02T10:24:45.348+0000] {dagbag.py:540} INFO - Filling up the DagBag from /opt/airflow/dags/weather_dag.py
[2026-03-02T10:24:45.362+0000] {processor.py:840} INFO - DAG(s) 'weather_copenhagen' retrieved from /opt/airflow/dags/weather_dag.py
[2026-03-02T10:24:45.387+0000] {logging_mixin.py:188} INFO - [2026-03-02T10:24:45.387+0000] {dag.py:3096} INFO - Sync 1 DAGs
[2026-03-02T10:24:45.405+0000] {logging_mixin.py:188} INFO - [2026-03-02T10:24:45.405+0000] {dag.py:3954} INFO - Setting next_dagrun for weather_copenhagen to 2026-03-02 06:00:00+00:00, run_after=2026-03-03 06:00:00+00:00
[2026-03-02T10:24:45.415+0000] {processor.py:183} INFO - Processing /opt/airflow/dags/weather_dag.py took 0.075 seconds
[2026-03-02T10:25:15.734+0000] {processor.py:161} INFO - Started process (PID=380) to work on /opt/airflow/dags/weather_dag.py
[2026-03-02T10:25:15.735+0000] {processor.py:830} INFO - Processing file /opt/airflow/dags/weather_dag.py for tasks to queue
[2026-03-02T10:25:15.737+0000] {logging_mixin.py:188} INFO - [2026-03-02T10:25:15.736+0000] {dagbag.py:540} INFO - Filling up the DagBag from /opt/airflow/dags/weather_dag.py
[2026-03-02T10:25:15.748+0000] {processor.py:840} INFO - DAG(s) 'weather_copenhagen' retrieved from /opt/airflow/dags/weather_dag.py
[2026-03-02T10:25:15.770+0000] {logging_mixin.py:188} INFO - [2026-03-02T10:25:15.769+0000] {dag.py:3096} INFO - Sync 1 DAGs
[2026-03-02T10:25:15.781+0000] {logging_mixin.py:188} INFO - [2026-03-02T10:25:15.781+0000] {dag.py:3954} INFO - Setting next_dagrun for weather_copenhagen to 2026-03-02 06:00:00+00:00, run_after=2026-03-03 06:00:00+00:00
[2026-03-02T10:25:15.789+0000] {processor.py:183} INFO - Processing /opt/airflow/dags/weather_dag.py took 0.063 seconds
[2026-03-02T10:25:46.116+0000] {processor.py:161} INFO - Started process (PID=390) to work on /opt/airflow/dags/weather_dag.py
[2026-03-02T10:25:46.118+0000] {processor.py:830} INFO - Processing file /opt/airflow/dags/weather_dag.py for tasks to queue
[2026-03-02T10:25:46.120+0000] {logging_mixin.py:188} INFO - [2026-03-02T10:25:46.119+0000] {dagbag.py:540} INFO - Filling up the DagBag from /opt/airflow/dags/weather_dag.py
[2026-03-02T10:25:46.133+0000] {processor.py:840} INFO - DAG(s) 'weather_copenhagen' retrieved from /opt/airflow/dags/weather_dag.py
[2026-03-02T10:25:46.153+0000] {logging_mixin.py:188} INFO - [2026-03-02T10:25:46.153+0000] {dag.py:3096} INFO - Sync 1 DAGs
[2026-03-02T10:25:46.163+0000] {logging_mixin.py:188} INFO - [2026-03-02T10:25:46.163+0000] {dag.py:3954} INFO - Setting next_dagrun for weather_copenhagen to 2026-03-02 06:00:00+00:00, run_after=2026-03-03 06:00:00+00:00
[2026-03-02T10:25:46.173+0000] {processor.py:183} INFO - Processing /opt/airflow/dags/weather_dag.py took 0.064 seconds
[2026-03-02T10:26:16.503+0000] {processor.py:161} INFO - Started process (PID=400) to work on /opt/airflow/dags/weather_dag.py
[2026-03-02T10:26:16.505+0000] {processor.py:830} INFO - Processing file /opt/airflow/dags/weather_dag.py for tasks to queue
[2026-03-02T10:26:16.507+0000] {logging_mixin.py:188} INFO - [2026-03-02T10:26:16.507+0000] {dagbag.py:540} INFO - Filling up the DagBag from /opt/airflow/dags/weather_dag.py
[2026-03-02T10:26:16.520+0000] {processor.py:840} INFO - DAG(s) 'weather_copenhagen' retrieved from /opt/airflow/dags/weather_dag.py
[2026-03-02T10:26:16.539+0000] {logging_mixin.py:188} INFO - [2026-03-02T10:26:16.539+0000] {dag.py:3096} INFO - Sync 1 DAGs
[2026-03-02T10:26:16.550+0000] {logging_mixin.py:188} INFO - [2026-03-02T10:26:16.550+0000] {dag.py:3954} INFO - Setting next_dagrun for weather_copenhagen to 2026-03-02 06:00:00+00:00, run_after=2026-03-03 06:00:00+00:00
[2026-03-02T10:26:16.558+0000] {processor.py:183} INFO - Processing /opt/airflow/dags/weather_dag.py took 0.061 seconds
[2026-03-02T10:26:46.876+0000] {processor.py:161} INFO - Started process (PID=410) to work on /opt/airflow/dags/weather_dag.py
[2026-03-02T10:26:46.878+0000] {processor.py:830} INFO - Processing file /opt/airflow/dags/weather_dag.py for tasks to queue
[2026-03-02T10:26:46.880+0000] {logging_mixin.py:188} INFO - [2026-03-02T10:26:46.880+0000] {dagbag.py:540} INFO - Filling up the DagBag from /opt/airflow/dags/weather_dag.py
[2026-03-02T10:26:46.893+0000] {processor.py:840} INFO - DAG(s) 'weather_copenhagen' retrieved from /opt/airflow/dags/weather_dag.py
[2026-03-02T10:26:46.914+0000] {logging_mixin.py:188} INFO - [2026-03-02T10:26:46.914+0000] {dag.py:3096} INFO - Sync 1 DAGs
[2026-03-02T10:26:46.925+0000] {logging_mixin.py:188} INFO - [2026-03-02T10:26:46.925+0000] {dag.py:3954} INFO - Setting next_dagrun for weather_copenhagen to 2026-03-02 06:00:00+00:00, run_after=2026-03-03 06:00:00+00:00
[2026-03-02T10:26:46.933+0000] {processor.py:183} INFO - Processing /opt/airflow/dags/weather_dag.py took 0.064 seconds
[2026-03-02T10:27:17.257+0000] {processor.py:161} INFO - Started process (PID=420) to work on /opt/airflow/dags/weather_dag.py
[2026-03-02T10:27:17.259+0000] {processor.py:830} INFO - Processing file /opt/airflow/dags/weather_dag.py for tasks to queue
[2026-03-02T10:27:17.262+0000] {logging_mixin.py:188} INFO - [2026-03-02T10:27:17.262+0000] {dagbag.py:540} INFO - Filling up the DagBag from /opt/airflow/dags/weather_dag.py
[2026-03-02T10:27:17.275+0000] {processor.py:840} INFO - DAG(s) 'weather_copenhagen' retrieved from /opt/airflow/dags/weather_dag.py
[2026-03-02T10:27:17.293+0000] {logging_mixin.py:188} INFO - [2026-03-02T10:27:17.293+0000] {dag.py:3096} INFO - Sync 1 DAGs
[2026-03-02T10:27:17.304+0000] {logging_mixin.py:188} INFO - [2026-03-02T10:27:17.304+0000] {dag.py:3954} INFO - Setting next_dagrun for weather_copenhagen to 2026-03-02 06:00:00+00:00, run_after=2026-03-03 06:00:00+00:00
[2026-03-02T10:27:17.313+0000] {processor.py:183} INFO - Processing /opt/airflow/dags/weather_dag.py took 0.065 seconds
[2026-03-02T10:27:47.613+0000] {processor.py:161} INFO - Started process (PID=430) to work on /opt/airflow/dags/weather_dag.py
[2026-03-02T10:27:47.614+0000] {processor.py:830} INFO - Processing file /opt/airflow/dags/weather_dag.py for tasks to queue
[2026-03-02T10:27:47.616+0000] {logging_mixin.py:188} INFO - [2026-03-02T10:27:47.616+0000] {dagbag.py:540} INFO - Filling up the DagBag from /opt/airflow/dags/weather_dag.py
[2026-03-02T10:27:47.627+0000] {processor.py:840} INFO - DAG(s) 'weather_copenhagen' retrieved from /opt/airflow/dags/weather_dag.py
[2026-03-02T10:27:47.645+0000] {logging_mixin.py:188} INFO - [2026-03-02T10:27:47.645+0000] {dag.py:3096} INFO - Sync 1 DAGs
[2026-03-02T10:27:47.655+0000] {logging_mixin.py:188} INFO - [2026-03-02T10:27:47.654+0000] {dag.py:3954} INFO - Setting next_dagrun for weather_copenhagen to 2026-03-02 06:00:00+00:00, run_after=2026-03-03 06:00:00+00:00
[2026-03-02T10:27:47.663+0000] {processor.py:183} INFO - Processing /opt/airflow/dags/weather_dag.py took 0.055 seconds
[2026-03-02T10:28:17.977+0000] {processor.py:161} INFO - Started process (PID=440) to work on /opt/airflow/dags/weather_dag.py
[2026-03-02T10:28:17.979+0000] {processor.py:830} INFO - Processing file /opt/airflow/dags/weather_dag.py for tasks to queue
[2026-03-02T10:28:17.981+0000] {logging_mixin.py:188} INFO - [2026-03-02T10:28:17.981+0000] {dagbag.py:540} INFO - Filling up the DagBag from /opt/airflow/dags/weather_dag.py
[2026-03-02T10:28:17.994+0000] {processor.py:840} INFO - DAG(s) 'weather_copenhagen' retrieved from /opt/airflow/dags/weather_dag.py
[2026-03-02T10:28:18.013+0000] {logging_mixin.py:188} INFO - [2026-03-02T10:28:18.013+0000] {dag.py:3096} INFO - Sync 1 DAGs
[2026-03-02T10:28:18.023+0000] {logging_mixin.py:188} INFO - [2026-03-02T10:28:18.023+0000] {dag.py:3954} INFO - Setting next_dagrun for weather_copenhagen to 2026-03-02 06:00:00+00:00, run_after=2026-03-03 06:00:00+00:00
[2026-03-02T10:28:18.031+0000] {processor.py:183} INFO - Processing /opt/airflow/dags/weather_dag.py took 0.061 seconds
[2026-03-02T10:28:48.329+0000] {processor.py:161} INFO - Started process (PID=450) to work on /opt/airflow/dags/weather_dag.py
[2026-03-02T10:28:48.330+0000] {processor.py:830} INFO - Processing file /opt/airflow/dags/weather_dag.py for tasks to queue
[2026-03-02T10:28:48.332+0000] {logging_mixin.py:188} INFO - [2026-03-02T10:28:48.332+0000] {dagbag.py:540} INFO - Filling up the DagBag from /opt/airflow/dags/weather_dag.py
[2026-03-02T10:28:48.346+0000] {processor.py:840} INFO - DAG(s) 'weather_copenhagen' retrieved from /opt/airflow/dags/weather_dag.py
[2026-03-02T10:28:48.366+0000] {logging_mixin.py:188} INFO - [2026-03-02T10:28:48.366+0000] {dag.py:3096} INFO - Sync 1 DAGs
[2026-03-02T10:28:48.376+0000] {logging_mixin.py:188} INFO - [2026-03-02T10:28:48.376+0000] {dag.py:3954} INFO - Setting next_dagrun for weather_copenhagen to 2026-03-02 06:00:00+00:00, run_after=2026-03-03 06:00:00+00:00
[2026-03-02T10:28:48.384+0000] {processor.py:183} INFO - Processing /opt/airflow/dags/weather_dag.py took 0.063 seconds
[2026-03-02T10:29:18.706+0000] {processor.py:161} INFO - Started process (PID=460) to work on /opt/airflow/dags/weather_dag.py
[2026-03-02T10:29:18.707+0000] {processor.py:830} INFO - Processing file /opt/airflow/dags/weather_dag.py for tasks to queue
[2026-03-02T10:29:18.709+0000] {logging_mixin.py:188} INFO - [2026-03-02T10:29:18.709+0000] {dagbag.py:540} INFO - Filling up the DagBag from /opt/airflow/dags/weather_dag.py
[2026-03-02T10:29:18.721+0000] {processor.py:840} INFO - DAG(s) 'weather_copenhagen' retrieved from /opt/airflow/dags/weather_dag.py
[2026-03-02T10:29:18.741+0000] {logging_mixin.py:188} INFO - [2026-03-02T10:29:18.740+0000] {dag.py:3096} INFO - Sync 1 DAGs
[2026-03-02T10:29:18.757+0000] {logging_mixin.py:188} INFO - [2026-03-02T10:29:18.756+0000] {dag.py:3954} INFO - Setting next_dagrun for weather_copenhagen to 2026-03-02 06:00:00+00:00, run_after=2026-03-03 06:00:00+00:00
[2026-03-02T10:29:18.766+0000] {processor.py:183} INFO - Processing /opt/airflow/dags/weather_dag.py took 0.066 seconds
[2026-03-02T10:39:15.050+0000] {processor.py:161} INFO - Started process (PID=470) to work on /opt/airflow/dags/weather_dag.py
[2026-03-02T10:39:15.051+0000] {processor.py:830} INFO - Processing file /opt/airflow/dags/weather_dag.py for tasks to queue
[2026-03-02T10:39:15.052+0000] {logging_mixin.py:188} INFO - [2026-03-02T10:39:15.052+0000] {dagbag.py:540} INFO - Filling up the DagBag from /opt/airflow/dags/weather_dag.py
[2026-03-02T10:39:15.059+0000] {processor.py:840} INFO - DAG(s) 'weather_copenhagen' retrieved from /opt/airflow/dags/weather_dag.py
[2026-03-02T10:39:15.076+0000] {logging_mixin.py:188} INFO - [2026-03-02T10:39:15.076+0000] {dag.py:3096} INFO - Sync 1 DAGs
[2026-03-02T10:39:15.088+0000] {logging_mixin.py:188} INFO - [2026-03-02T10:39:15.088+0000] {dag.py:3954} INFO - Setting next_dagrun for weather_copenhagen to 2026-03-02 06:00:00+00:00, run_after=2026-03-03 06:00:00+00:00
[2026-03-02T10:39:15.095+0000] {processor.py:183} INFO - Processing /opt/airflow/dags/weather_dag.py took 0.048 seconds
[2026-03-02T10:39:45.386+0000] {processor.py:161} INFO - Started process (PID=482) to work on /opt/airflow/dags/weather_dag.py
[2026-03-02T10:39:45.387+0000] {processor.py:830} INFO - Processing file /opt/airflow/dags/weather_dag.py for tasks to queue
[2026-03-02T10:39:45.389+0000] {logging_mixin.py:188} INFO - [2026-03-02T10:39:45.388+0000] {dagbag.py:540} INFO - Filling up the DagBag from /opt/airflow/dags/weather_dag.py
[2026-03-02T10:39:45.406+0000] {processor.py:840} INFO - DAG(s) 'weather_copenhagen' retrieved from /opt/airflow/dags/weather_dag.py
[2026-03-02T10:39:45.424+0000] {logging_mixin.py:188} INFO - [2026-03-02T10:39:45.424+0000] {dag.py:3096} INFO - Sync 1 DAGs
[2026-03-02T10:39:45.437+0000] {logging_mixin.py:188} INFO - [2026-03-02T10:39:45.437+0000] {dag.py:3954} INFO - Setting next_dagrun for weather_copenhagen to 2026-03-02 06:00:00+00:00, run_after=2026-03-03 06:00:00+00:00
[2026-03-02T10:39:45.443+0000] {processor.py:183} INFO - Processing /opt/airflow/dags/weather_dag.py took 0.064 seconds
[2026-03-02T10:40:15.783+0000] {processor.py:161} INFO - Started process (PID=492) to work on /opt/airflow/dags/weather_dag.py
[2026-03-02T10:40:15.785+0000] {processor.py:830} INFO - Processing file /opt/airflow/dags/weather_dag.py for tasks to queue
[2026-03-02T10:40:15.786+0000] {logging_mixin.py:188} INFO - [2026-03-02T10:40:15.786+0000] {dagbag.py:540} INFO - Filling up the DagBag from /opt/airflow/dags/weather_dag.py
[2026-03-02T10:40:15.797+0000] {processor.py:840} INFO - DAG(s) 'weather_copenhagen' retrieved from /opt/airflow/dags/weather_dag.py
[2026-03-02T10:40:15.816+0000] {logging_mixin.py:188} INFO - [2026-03-02T10:40:15.815+0000] {dag.py:3096} INFO - Sync 1 DAGs
[2026-03-02T10:40:15.827+0000] {logging_mixin.py:188} INFO - [2026-03-02T10:40:15.827+0000] {dag.py:3954} INFO - Setting next_dagrun for weather_copenhagen to 2026-03-02 06:00:00+00:00, run_after=2026-03-03 06:00:00+00:00
[2026-03-02T10:40:15.834+0000] {processor.py:183} INFO - Processing /opt/airflow/dags/weather_dag.py took 0.059 seconds
[2026-03-02T10:40:46.208+0000] {processor.py:161} INFO - Started process (PID=502) to work on /opt/airflow/dags/weather_dag.py
[2026-03-02T10:40:46.210+0000] {processor.py:830} INFO - Processing file /opt/airflow/dags/weather_dag.py for tasks to queue
[2026-03-02T10:40:46.215+0000] {logging_mixin.py:188} INFO - [2026-03-02T10:40:46.214+0000] {dagbag.py:540} INFO - Filling up the DagBag from /opt/airflow/dags/weather_dag.py
[2026-03-02T10:40:46.232+0000] {processor.py:840} INFO - DAG(s) 'weather_copenhagen' retrieved from /opt/airflow/dags/weather_dag.py
[2026-03-02T10:40:46.268+0000] {logging_mixin.py:188} INFO - [2026-03-02T10:40:46.267+0000] {dag.py:3096} INFO - Sync 1 DAGs
[2026-03-02T10:40:46.288+0000] {logging_mixin.py:188} INFO - [2026-03-02T10:40:46.288+0000] {dag.py:3954} INFO - Setting next_dagrun for weather_copenhagen to 2026-03-02 06:00:00+00:00, run_after=2026-03-03 06:00:00+00:00
[2026-03-02T10:40:46.302+0000] {processor.py:183} INFO - Processing /opt/airflow/dags/weather_dag.py took 0.109 seconds
