[2026-03-02T10:03:17.840+0000] {manager.py:470} INFO - Processing files using up to 2 processes at a time 
[2026-03-02T10:03:17.840+0000] {manager.py:471} INFO - Process each file at most once every 30 seconds
[2026-03-02T10:03:17.840+0000] {manager.py:472} INFO - Checking for new files in /opt/airflow/dags every 300 seconds
[2026-03-02T10:03:17.841+0000] {manager.py:737} INFO - Searching for files in /opt/airflow/dags
[2026-03-02T10:03:17.841+0000] {manager.py:740} INFO - There are 0 files in /opt/airflow/dags
[2026-03-02T10:08:17.858+0000] {manager.py:737} INFO - Searching for files in /opt/airflow/dags
[2026-03-02T10:08:17.864+0000] {manager.py:740} INFO - There are 0 files in /opt/airflow/dags
[2026-03-02T10:13:18.444+0000] {manager.py:737} INFO - Searching for files in /opt/airflow/dags
[2026-03-02T10:13:18.448+0000] {manager.py:740} INFO - There are 1 files in /opt/airflow/dags
[2026-03-02T10:13:29.565+0000] {manager.py:878} INFO - 
================================================================================
DAG File Processing Stats

File Path                         PID    Runtime      # DAGs    # Errors  Last Runtime    Last Run
--------------------------------  -----  ---------  --------  ----------  --------------  -------------------
/opt/airflow/dags/weather_dag.py                           0           1  0.04s           2026-03-02T10:13:18
================================================================================
[2026-03-02T10:13:59.901+0000] {manager.py:878} INFO - 
================================================================================
DAG File Processing Stats

File Path                         PID    Runtime      # DAGs    # Errors  Last Runtime    Last Run
--------------------------------  -----  ---------  --------  ----------  --------------  -------------------
/opt/airflow/dags/weather_dag.py                           0           0  0.04s           2026-03-02T10:13:45
================================================================================
[2026-03-02T10:14:30.214+0000] {manager.py:878} INFO - 
================================================================================
DAG File Processing Stats

File Path                         PID    Runtime      # DAGs    # Errors  Last Runtime    Last Run
--------------------------------  -----  ---------  --------  ----------  --------------  -------------------
/opt/airflow/dags/weather_dag.py                           0           0  0.03s           2026-03-02T10:14:16
================================================================================
[2026-03-02T10:15:00.492+0000] {manager.py:878} INFO - 
================================================================================
DAG File Processing Stats

File Path                         PID    Runtime      # DAGs    # Errors  Last Runtime    Last Run
--------------------------------  -----  ---------  --------  ----------  --------------  -------------------
/opt/airflow/dags/weather_dag.py                           0           0  0.05s           2026-03-02T10:14:46
================================================================================
[2026-03-02T10:15:30.787+0000] {manager.py:878} INFO - 
================================================================================
DAG File Processing Stats

File Path                         PID    Runtime      # DAGs    # Errors  Last Runtime    Last Run
--------------------------------  -----  ---------  --------  ----------  --------------  -------------------
/opt/airflow/dags/weather_dag.py                           0           0  0.06s           2026-03-02T10:15:16
================================================================================
[2026-03-02T10:16:01.108+0000] {manager.py:878} INFO - 
================================================================================
DAG File Processing Stats

File Path                         PID    Runtime      # DAGs    # Errors  Last Runtime    Last Run
--------------------------------  -----  ---------  --------  ----------  --------------  -------------------
/opt/airflow/dags/weather_dag.py                           0           0  0.04s           2026-03-02T10:15:46
================================================================================
[2026-03-02T10:16:31.389+0000] {manager.py:878} INFO - 
================================================================================
DAG File Processing Stats

File Path                         PID    Runtime      # DAGs    # Errors  Last Runtime    Last Run
--------------------------------  -----  ---------  --------  ----------  --------------  -------------------
/opt/airflow/dags/weather_dag.py                           0           0  0.04s           2026-03-02T10:16:17
================================================================================
[2026-03-02T10:17:01.665+0000] {manager.py:878} INFO - 
================================================================================
DAG File Processing Stats

File Path                         PID    Runtime      # DAGs    # Errors  Last Runtime    Last Run
--------------------------------  -----  ---------  --------  ----------  --------------  -------------------
/opt/airflow/dags/weather_dag.py                           0           0  0.05s           2026-03-02T10:16:47
================================================================================
[2026-03-02T10:17:31.996+0000] {manager.py:878} INFO - 
================================================================================
DAG File Processing Stats

File Path                         PID    Runtime      # DAGs    # Errors  Last Runtime    Last Run
--------------------------------  -----  ---------  --------  ----------  --------------  -------------------
/opt/airflow/dags/weather_dag.py                           0           0  0.04s           2026-03-02T10:17:17
================================================================================
[2026-03-02T10:18:02.290+0000] {manager.py:878} INFO - 
================================================================================
DAG File Processing Stats

File Path                         PID    Runtime      # DAGs    # Errors  Last Runtime    Last Run
--------------------------------  -----  ---------  --------  ----------  --------------  -------------------
/opt/airflow/dags/weather_dag.py                           0           0  0.06s           2026-03-02T10:17:48
================================================================================
[2026-03-02T10:18:18.465+0000] {manager.py:737} INFO - Searching for files in /opt/airflow/dags
[2026-03-02T10:18:18.468+0000] {manager.py:740} INFO - There are 1 files in /opt/airflow/dags
[2026-03-02T10:18:32.555+0000] {manager.py:878} INFO - 
================================================================================
DAG File Processing Stats

File Path                         PID    Runtime      # DAGs    # Errors  Last Runtime    Last Run
--------------------------------  -----  ---------  --------  ----------  --------------  -------------------
/opt/airflow/dags/weather_dag.py                           0           0  0.04s           2026-03-02T10:18:18
================================================================================
[2026-03-02T10:19:02.860+0000] {manager.py:878} INFO - 
================================================================================
DAG File Processing Stats

File Path                         PID    Runtime      # DAGs    # Errors  Last Runtime    Last Run
--------------------------------  -----  ---------  --------  ----------  --------------  -------------------
/opt/airflow/dags/weather_dag.py                           0           0  0.04s           2026-03-02T10:18:48
================================================================================
[2026-03-02T10:19:33.119+0000] {manager.py:878} INFO - 
================================================================================
DAG File Processing Stats

File Path                         PID    Runtime      # DAGs    # Errors  Last Runtime    Last Run
--------------------------------  -----  ---------  --------  ----------  --------------  -------------------
/opt/airflow/dags/weather_dag.py                           0           0  0.05s           2026-03-02T10:19:19
================================================================================
[2026-03-02T10:20:03.429+0000] {manager.py:878} INFO - 
================================================================================
DAG File Processing Stats

File Path                         PID    Runtime      # DAGs    # Errors  Last Runtime    Last Run
--------------------------------  -----  ---------  --------  ----------  --------------  -------------------
/opt/airflow/dags/weather_dag.py                           0           0  0.04s           2026-03-02T10:19:49
================================================================================
[2026-03-02T10:20:33.738+0000] {manager.py:878} INFO - 
================================================================================
DAG File Processing Stats

File Path                         PID    Runtime      # DAGs    # Errors  Last Runtime    Last Run
--------------------------------  -----  ---------  --------  ----------  --------------  -------------------
/opt/airflow/dags/weather_dag.py                           0           0  0.05s           2026-03-02T10:20:19
================================================================================
[2026-03-02T10:21:04.008+0000] {manager.py:878} INFO - 
================================================================================
DAG File Processing Stats

File Path                         PID    Runtime      # DAGs    # Errors  Last Runtime    Last Run
--------------------------------  -----  ---------  --------  ----------  --------------  -------------------
/opt/airflow/dags/weather_dag.py                           0           0  0.05s           2026-03-02T10:20:49
================================================================================
[2026-03-02T10:21:34.300+0000] {manager.py:878} INFO - 
================================================================================
DAG File Processing Stats

File Path                         PID    Runtime      # DAGs    # Errors  Last Runtime    Last Run
--------------------------------  -----  ---------  --------  ----------  --------------  -------------------
/opt/airflow/dags/weather_dag.py                           0           0  0.04s           2026-03-02T10:21:20
================================================================================
[2026-03-02T10:22:04.591+0000] {manager.py:878} INFO - 
================================================================================
DAG File Processing Stats

File Path                         PID    Runtime      # DAGs    # Errors  Last Runtime    Last Run
--------------------------------  -----  ---------  --------  ----------  --------------  -------------------
/opt/airflow/dags/weather_dag.py                           1           0  0.20s           2026-03-02T10:21:43
================================================================================
[2026-03-02T10:22:34.883+0000] {manager.py:878} INFO - 
================================================================================
DAG File Processing Stats

File Path                         PID    Runtime      # DAGs    # Errors  Last Runtime    Last Run
--------------------------------  -----  ---------  --------  ----------  --------------  -------------------
/opt/airflow/dags/weather_dag.py                           1           0  0.08s           2026-03-02T10:22:13
================================================================================
[2026-03-02T10:23:05.139+0000] {manager.py:878} INFO - 
================================================================================
DAG File Processing Stats

File Path                         PID    Runtime      # DAGs    # Errors  Last Runtime    Last Run
--------------------------------  -----  ---------  --------  ----------  --------------  -------------------
/opt/airflow/dags/weather_dag.py                           1           0  0.08s           2026-03-02T10:22:44
================================================================================
[2026-03-02T10:23:19.307+0000] {manager.py:737} INFO - Searching for files in /opt/airflow/dags
[2026-03-02T10:23:19.316+0000] {manager.py:740} INFO - There are 2 files in /opt/airflow/dags
[2026-03-02T10:23:35.518+0000] {manager.py:878} INFO - 
================================================================================
DAG File Processing Stats

File Path                         PID    Runtime      # DAGs    # Errors  Last Runtime    Last Run
--------------------------------  -----  ---------  --------  ----------  --------------  -------------------
/opt/airflow/dags/test_dag.py                              1           0  0.13s           2026-03-02T10:23:19
/opt/airflow/dags/weather_dag.py                           1           0  0.12s           2026-03-02T10:23:14
================================================================================
[2026-03-02T10:24:05.882+0000] {manager.py:878} INFO - 
================================================================================
DAG File Processing Stats

File Path                         PID    Runtime      # DAGs    # Errors  Last Runtime    Last Run
--------------------------------  -----  ---------  --------  ----------  --------------  -------------------
/opt/airflow/dags/weather_dag.py                           1           0  0.08s           2026-03-02T10:23:44
/opt/airflow/dags/test_dag.py                              1           0  0.08s           2026-03-02T10:23:49
================================================================================
[2026-03-02T10:24:36.233+0000] {manager.py:878} INFO - 
================================================================================
DAG File Processing Stats

File Path                         PID    Runtime      # DAGs    # Errors  Last Runtime    Last Run
--------------------------------  -----  ---------  --------  ----------  --------------  -------------------
/opt/airflow/dags/weather_dag.py                           1           0  0.08s           2026-03-02T10:24:15
/opt/airflow/dags/test_dag.py                              1           0  0.07s           2026-03-02T10:24:20
================================================================================
[2026-03-02T10:25:06.607+0000] {manager.py:878} INFO - 
================================================================================
DAG File Processing Stats

File Path                         PID    Runtime      # DAGs    # Errors  Last Runtime    Last Run
--------------------------------  -----  ---------  --------  ----------  --------------  -------------------
/opt/airflow/dags/weather_dag.py                           1           0  0.10s           2026-03-02T10:24:45
/opt/airflow/dags/test_dag.py                              1           0  0.07s           2026-03-02T10:24:50
================================================================================
[2026-03-02T10:25:36.990+0000] {manager.py:878} INFO - 
================================================================================
DAG File Processing Stats

File Path                         PID    Runtime      # DAGs    # Errors  Last Runtime    Last Run
--------------------------------  -----  ---------  --------  ----------  --------------  -------------------
/opt/airflow/dags/weather_dag.py                           1           0  0.08s           2026-03-02T10:25:15
/opt/airflow/dags/test_dag.py                              1           0  0.08s           2026-03-02T10:25:20
================================================================================
[2026-03-02T10:26:07.382+0000] {manager.py:878} INFO - 
================================================================================
DAG File Processing Stats

File Path                         PID    Runtime      # DAGs    # Errors  Last Runtime    Last Run
--------------------------------  -----  ---------  --------  ----------  --------------  -------------------
/opt/airflow/dags/weather_dag.py                           1           0  0.08s           2026-03-02T10:25:46
/opt/airflow/dags/test_dag.py                              1           0  0.07s           2026-03-02T10:25:51
================================================================================
[2026-03-02T10:26:37.759+0000] {manager.py:878} INFO - 
================================================================================
DAG File Processing Stats

File Path                         PID    Runtime      # DAGs    # Errors  Last Runtime    Last Run
--------------------------------  -----  ---------  --------  ----------  --------------  -------------------
/opt/airflow/dags/weather_dag.py                           1           0  0.08s           2026-03-02T10:26:16
/opt/airflow/dags/test_dag.py                              1           0  0.08s           2026-03-02T10:26:21
================================================================================
[2026-03-02T10:27:08.127+0000] {manager.py:878} INFO - 
================================================================================
DAG File Processing Stats

File Path                         PID    Runtime      # DAGs    # Errors  Last Runtime    Last Run
--------------------------------  -----  ---------  --------  ----------  --------------  -------------------
/opt/airflow/dags/weather_dag.py                           1           0  0.08s           2026-03-02T10:26:46
/opt/airflow/dags/test_dag.py                              1           0  0.07s           2026-03-02T10:26:52
================================================================================
[2026-03-02T10:27:38.507+0000] {manager.py:878} INFO - 
================================================================================
DAG File Processing Stats

File Path                         PID    Runtime      # DAGs    # Errors  Last Runtime    Last Run
--------------------------------  -----  ---------  --------  ----------  --------------  -------------------
/opt/airflow/dags/weather_dag.py                           1           0  0.09s           2026-03-02T10:27:17
/opt/airflow/dags/test_dag.py                              1           0  0.08s           2026-03-02T10:27:22
================================================================================
[2026-03-02T10:28:08.861+0000] {manager.py:878} INFO - 
================================================================================
DAG File Processing Stats

File Path                         PID    Runtime      # DAGs    # Errors  Last Runtime    Last Run
--------------------------------  -----  ---------  --------  ----------  --------------  -------------------
/opt/airflow/dags/test_dag.py                              1           0  0.08s           2026-03-02T10:27:52
/opt/airflow/dags/weather_dag.py                           1           0  0.07s           2026-03-02T10:27:47
================================================================================
[2026-03-02T10:28:19.986+0000] {manager.py:737} INFO - Searching for files in /opt/airflow/dags
[2026-03-02T10:28:19.993+0000] {manager.py:740} INFO - There are 2 files in /opt/airflow/dags
[2026-03-02T10:28:39.208+0000] {manager.py:878} INFO - 
================================================================================
DAG File Processing Stats

File Path                         PID    Runtime      # DAGs    # Errors  Last Runtime    Last Run
--------------------------------  -----  ---------  --------  ----------  --------------  -------------------
/opt/airflow/dags/weather_dag.py                           1           0  0.08s           2026-03-02T10:28:18
/opt/airflow/dags/test_dag.py                              1           0  0.08s           2026-03-02T10:28:23
================================================================================
[2026-03-02T10:29:09.589+0000] {manager.py:878} INFO - 
================================================================================
DAG File Processing Stats

File Path                         PID    Runtime      # DAGs    # Errors  Last Runtime    Last Run
--------------------------------  -----  ---------  --------  ----------  --------------  -------------------
/opt/airflow/dags/weather_dag.py                           1           0  0.08s           2026-03-02T10:28:48
/opt/airflow/dags/test_dag.py                              1           0  0.07s           2026-03-02T10:28:53
================================================================================
[2026-03-02T10:39:15.023+0000] {manager.py:737} INFO - Searching for files in /opt/airflow/dags
[2026-03-02T10:39:15.030+0000] {manager.py:740} INFO - There are 2 files in /opt/airflow/dags
[2026-03-02T10:39:24.173+0000] {manager.py:878} INFO - 
================================================================================
DAG File Processing Stats

File Path                         PID    Runtime      # DAGs    # Errors  Last Runtime    Last Run
--------------------------------  -----  ---------  --------  ----------  --------------  -------------------
/opt/airflow/dags/weather_dag.py                           1           0  0.06s           2026-03-02T10:39:15
/opt/airflow/dags/test_dag.py                              1           0  0.05s           2026-03-02T10:39:15
================================================================================
[2026-03-02T10:39:54.522+0000] {manager.py:878} INFO - 
================================================================================
DAG File Processing Stats

File Path                         PID    Runtime      # DAGs    # Errors  Last Runtime    Last Run
--------------------------------  -----  ---------  --------  ----------  --------------  -------------------
/opt/airflow/dags/weather_dag.py                           1           0  0.09s           2026-03-02T10:39:45
/opt/airflow/dags/test_dag.py                              1           0  0.07s           2026-03-02T10:39:45
================================================================================
[2026-03-02T10:40:24.927+0000] {manager.py:878} INFO - 
================================================================================
DAG File Processing Stats

File Path                         PID    Runtime      # DAGs    # Errors  Last Runtime    Last Run
--------------------------------  -----  ---------  --------  ----------  --------------  -------------------
/opt/airflow/dags/weather_dag.py                           1           0  0.08s           2026-03-02T10:40:15
/opt/airflow/dags/test_dag.py                              1           0  0.06s           2026-03-02T10:40:15
================================================================================
[2026-03-02T10:40:55.409+0000] {manager.py:878} INFO - 
================================================================================
DAG File Processing Stats

File Path                         PID    Runtime      # DAGs    # Errors  Last Runtime    Last Run
--------------------------------  -----  ---------  --------  ----------  --------------  -------------------
/opt/airflow/dags/weather_dag.py                           1           0  0.14s           2026-03-02T10:40:46
/opt/airflow/dags/test_dag.py                              1           0  0.12s           2026-03-02T10:40:46
================================================================================
